[2023-07-30 10:27:22] [1] [WARN] Reporting disabled: using no op test run registrar
[2023-07-30 10:27:22] [1] [INFO] TEST [CarinaMobileTesting - testAddition] STARTED at [17:27:22 2023-07-30]
[2023-07-30 10:27:22] [1] [INFO] Starting driver session...
[2023-07-30 10:27:23] [1] [ERROR] Failed to attach artifact reference 'app' to test run because it has not been started yet.
[2023-07-30 10:27:45] [1] [INFO] Driver session started.
[2023-07-30 10:27:46] [1] [ERROR] TEST [CarinaMobileTesting - testAddition] FAILED at [17:27:46 2023-07-30] - There is no any class that satisfy to required conditions: [parent class - org.example.mobile.gui.pages.CalculatorInterface], [device type - ANDROID_PHONE]

com.zebrunner.carina.utils.factory.ICustomTypePageFactory.initPage(ICustomTypePageFactory.java:145)
org.example.MobileTests.testAddition(MobileTests.java:22)
java.base/jdk.internal.reflect.DirectMethodHandleAccessor.invoke(DirectMethodHandleAccessor.java:104)
java.base/java.lang.reflect.Method.invoke(Method.java:577)
org.testng.internal.invokers.MethodInvocationHelper.invokeMethod(MethodInvocationHelper.java:139)
org.testng.internal.invokers.TestInvoker.invokeMethod(TestInvoker.java:677)
org.testng.internal.invokers.TestInvoker.invokeTestMethod(TestInvoker.java:221)
org.testng.internal.invokers.MethodRunner.runInSequence(MethodRunner.java:50)
org.testng.internal.invokers.TestInvoker$MethodInvocationAgent.invoke(TestInvoker.java:969)
org.testng.internal.invokers.TestInvoker.invokeTestMethods(TestInvoker.java:194)
org.testng.internal.invokers.TestMethodWorker.invokeTestMethods(TestMethodWorker.java:148)
org.testng.internal.invokers.TestMethodWorker.run(TestMethodWorker.java:128)
java.base/java.util.ArrayList.forEach(ArrayList.java:1511)
org.testng.TestRunner.privateRun(TestRunner.java:829)
org.testng.TestRunner.run(TestRunner.java:602)
org.testng.SuiteRunner.runTest(SuiteRunner.java:437)
org.testng.SuiteRunner.runSequentially(SuiteRunner.java:431)
org.testng.SuiteRunner.privateRun(SuiteRunner.java:391)
org.testng.SuiteRunner.run(SuiteRunner.java:330)
org.testng.SuiteRunnerWorker.runSuite(SuiteRunnerWorker.java:52)
org.testng.SuiteRunnerWorker.run(SuiteRunnerWorker.java:95)
org.testng.TestNG.runSuitesSequentially(TestNG.java:1256)
org.testng.TestNG.runSuitesLocally(TestNG.java:1176)
org.testng.TestNG.runSuites(TestNG.java:1099)
org.testng.TestNG.run(TestNG.java:1067)
com.intellij.rt.testng.IDEARemoteTestNG.run(IDEARemoteTestNG.java:66)
com.intellij.rt.testng.RemoteTestNGStarter.main(RemoteTestNGStarter.java:109)
